2025-07-30 12:08:14.809 [main] ERROR ordersystem.discount.FixedDiscount - Попытка создать стратегию скидки с некорректным процентом: 50.00. Процент должен быть между 0 и 1 (0% и 100%).
2025-07-30 12:12:01.878 [main] INFO  ordersystem.discount.FixedDiscount - Применена скидка 10.00% к исходной сумме 26250.00. Итоговая сумма: 23625.00.
2025-07-30 12:12:01.887 [main] INFO  ordersystem.immutable.Order - Заказ с ID '9547e998-7bb5-403d-b3c9-7921be362e76' для клиента 'customer123' успешно создан. Общая сумма: 23625.00
2025-07-30 12:12:01.888 [main] INFO  ordersystem.immutable.Order - Заказ с ID 'e53645fe-ad5f-4b8e-9ec5-d0a75355b0bd' для клиента 'customer456' успешно создан. Общая сумма: 1575.00
2025-07-30 12:34:34.397 [main] INFO  ordersystem.discount.FixedDiscount - Применена скидка 10.00% к исходной сумме 27250.00. Итоговая сумма: 24525.00.
2025-07-30 12:34:34.407 [main] INFO  ordersystem.immutable.Order - Заказ с ID 'c69a258b-0973-45cb-8b25-8445a476ed13' для клиента 'customer123' успешно создан. Общая сумма: 24525.00
2025-07-30 12:34:34.407 [main] INFO  ordersystem.immutable.Order - Заказ с ID '999941af-7d7f-4146-8612-20328113d967' для клиента 'customer456' успешно создан. Общая сумма: 1575.00
2025-07-30 12:36:05.735 [main] INFO  ordersystem.discount.FixedDiscount - Применена скидка 10.00% к исходной сумме 24375.00. Итоговая сумма: 21937.50.
2025-07-30 12:36:05.744 [main] INFO  ordersystem.immutable.Order - Заказ с ID '97932495-6518-4bfd-a223-5178b18dfae4' для клиента 'customer123' успешно создан. Общая сумма: 21937.50
2025-07-30 12:36:05.745 [main] INFO  ordersystem.immutable.Order - Заказ с ID 'cfecaacd-6bd9-4dbe-9d14-7fdbad4fc31b' для клиента 'customer456' успешно создан. Общая сумма: 1575.00
2025-07-30 12:54:47.132 [main] INFO  ordersystem.discount.FixedDiscount - Применена скидка 10.00% к исходной сумме 17750.00. Итоговая сумма: 15975.00.
2025-07-30 12:54:47.141 [main] INFO  ordersystem.immutable.Order - Заказ с ID '97a25a55-f3d9-41a6-9a30-026afe2a7da6' для клиента 'Boba' успешно создан. Общая сумма: 15975.00
2025-07-30 12:54:47.142 [main] INFO  ordersystem.immutable.Order - Заказ с ID 'a24751c7-ffcf-4841-9bb1-58fb90673aaf' для клиента 'customer456' успешно создан. Общая сумма: 1575.00
2025-07-30 12:55:43.857 [main] INFO  ordersystem.discount.FixedDiscount - Применена скидка 10.00% к исходной сумме 17750.00. Итоговая сумма: 15975.00.
2025-07-30 12:55:43.866 [main] INFO  ordersystem.immutable.Order - Заказ с ID '2ae40dc4-be40-45f5-ab3d-b2d0e588fdbb' для клиента 'Boba' успешно создан. Общая сумма: 15975.00
2025-07-30 12:55:43.867 [main] INFO  ordersystem.immutable.Order - Заказ с ID '2df8934a-6e9b-4914-826f-879636d7483b' для клиента 'customer456' успешно создан. Общая сумма: 1575.00
2025-07-30 12:56:20.366 [main] INFO  ordersystem.discount.FixedDiscount - Применена скидка 10.00% к исходной сумме 17750.00. Итоговая сумма: 15975.00.
2025-07-30 12:56:20.375 [main] INFO  ordersystem.immutable.Order - Заказ с ID '2e07b55c-1eab-486b-9981-75c985df02c3' для клиента 'Boba' успешно создан. Общая сумма: 15975.00
2025-07-30 12:56:20.376 [main] INFO  ordersystem.immutable.Order - Заказ с ID 'fae680e8-e0a5-4093-94c6-2a8f7045c2c0' для клиента 'customer456' успешно создан. Общая сумма: 1575.00
2025-07-30 12:57:33.855 [main] INFO  ordersystem.discount.FixedDiscount - Применена скидка 10.00% к исходной сумме 17750.00. Итоговая сумма: 15975.00.
2025-07-30 12:57:33.864 [main] INFO  ordersystem.immutable.Order - Заказ с ID 'e9a7d584-8858-4369-9dd6-5fcd571dfa84' для клиента 'Boba' успешно создан. Общая сумма: 15975.00
2025-07-30 12:57:33.865 [main] INFO  ordersystem.immutable.Order - Заказ с ID '212e0372-5f5d-4f29-81d4-6fe5851faae1' для клиента 'customer456' успешно создан. Общая сумма: 1575.00
2025-07-30 13:16:44.691 [main] INFO  ordersystem.discount.FixedDiscount - Применена скидка 10.00% к исходной сумме 17750.00. Итоговая сумма: 15975.00.
2025-07-30 13:16:44.700 [main] INFO  ordersystem.immutable.Order - Заказ с ID '5f0e40d1-7e34-4e74-9cee-da0d3eed54ed' для клиента 'Boba' успешно создан. Общая сумма: 15975.00
2025-07-30 13:16:44.700 [main] INFO  ordersystem.immutable.Order - Заказ с ID '75397409-1cfb-4a63-9a9a-2317bc648e8f' для клиента 'Biba' успешно создан. Общая сумма: 1575.00
2025-07-30 13:18:07.796 [main] INFO  ordersystem.discount.FixedDiscount - Применена скидка 10.00% к исходной сумме 17750.00. Итоговая сумма: 15975.00.
2025-07-30 13:18:07.805 [main] INFO  ordersystem.immutable.Order - Заказ с ID 'bb4f1ffe-74da-4697-b0ed-7fe6487c463e' для клиента 'Boba' успешно создан. Общая сумма: 15975.00
2025-07-30 13:18:07.806 [main] INFO  ordersystem.immutable.Order - Заказ с ID 'fe3e129b-d24b-4be8-94b7-2eaaec5edf67' для клиента 'Biba' успешно создан. Общая сумма: 1575.00
2025-07-30 13:25:37.416 [main] INFO  ordersystem.discount.FixedDiscount - Применена скидка 10.00% к исходной сумме 16750.00. Итоговая сумма: 15075.00.
2025-07-30 13:25:37.425 [main] INFO  ordersystem.immutable.Order - Заказ с ID '678fcca6-1a33-4360-8415-4ba664564d13' для клиента 'Boba' успешно создан. Общая сумма: 15075.00
2025-07-30 13:25:37.426 [main] INFO  ordersystem.immutable.Order - Заказ с ID 'e2e1b103-73a3-4370-b0af-8a22ba171715' для клиента 'Biba' успешно создан. Общая сумма: 1575.00
2025-07-30 13:32:20.955 [main] INFO  ordersystem.discount.FixedDiscount - Применена скидка 10.00% к исходной сумме 16750.00. Итоговая сумма: 15075.00.
2025-07-30 13:32:20.964 [main] INFO  ordersystem.immutable.Order - Заказ с ID '6b161a29-4282-4c15-8bb7-2d69b22226b2' для клиента 'Boba' успешно создан. Общая сумма: 15075.00
2025-07-30 13:32:20.965 [main] INFO  ordersystem.immutable.Order - Заказ с ID '960dded1-6c0c-4528-83bb-ff7e8c3966d5' для клиента 'Biba' успешно создан. Общая сумма: 1575.00
